{"/Users/annavasileva/Desktop/test/calculatrice/src/App.vue": {"path":"/Users/annavasileva/Desktop/test/calculatrice/src/App.vue","statementMap":{"0":{"start":{"line":9,"column":0},"end":{"line":9,"column":null}}},"fnMap":{},"branchMap":{},"s":{"0":0},"f":{},"b":{}}
,"/Users/annavasileva/Desktop/test/calculatrice/src/components/Calculator.vue": {"path":"/Users/annavasileva/Desktop/test/calculatrice/src/components/Calculator.vue","statementMap":{"0":{"start":{"line":58,"column":0},"end":{"line":58,"column":null}},"1":{"start":{"line":70,"column":0},"end":{"line":70,"column":null}},"2":{"start":{"line":73,"column":0},"end":{"line":77,"column":null}},"3":{"start":{"line":74,"column":0},"end":{"line":74,"column":null}},"4":{"start":{"line":76,"column":0},"end":{"line":76,"column":null}},"5":{"start":{"line":80,"column":0},"end":{"line":80,"column":null}},"6":{"start":{"line":83,"column":0},"end":{"line":83,"column":null}},"7":{"start":{"line":86,"column":0},"end":{"line":86,"column":null}},"8":{"start":{"line":89,"column":0},"end":{"line":89,"column":null}},"9":{"start":{"line":92,"column":0},"end":{"line":104,"column":null}},"10":{"start":{"line":93,"column":0},"end":{"line":97,"column":null}},"11":{"start":{"line":94,"column":0},"end":{"line":94,"column":null}},"12":{"start":{"line":96,"column":0},"end":{"line":96,"column":null}},"13":{"start":{"line":99,"column":0},"end":{"line":103,"column":null}},"14":{"start":{"line":100,"column":0},"end":{"line":100,"column":null}},"15":{"start":{"line":102,"column":0},"end":{"line":102,"column":null}}},"fnMap":{"0":{"name":"(anonymous_1)","decl":{"start":{"line":57,"column":0},"end":{"line":57,"column":null}},"loc":{"start":{"line":57,"column":0},"end":{"line":67,"column":null}}},"1":{"name":"(anonymous_2)","decl":{"start":{"line":69,"column":0},"end":{"line":69,"column":null}},"loc":{"start":{"line":69,"column":0},"end":{"line":71,"column":null}}},"2":{"name":"(anonymous_3)","decl":{"start":{"line":72,"column":0},"end":{"line":72,"column":null}},"loc":{"start":{"line":72,"column":0},"end":{"line":78,"column":null}}},"3":{"name":"(anonymous_4)","decl":{"start":{"line":79,"column":0},"end":{"line":79,"column":null}},"loc":{"start":{"line":79,"column":0},"end":{"line":81,"column":null}}},"4":{"name":"(anonymous_5)","decl":{"start":{"line":82,"column":0},"end":{"line":82,"column":null}},"loc":{"start":{"line":82,"column":0},"end":{"line":84,"column":null}}},"5":{"name":"(anonymous_6)","decl":{"start":{"line":85,"column":0},"end":{"line":85,"column":null}},"loc":{"start":{"line":85,"column":0},"end":{"line":87,"column":null}}},"6":{"name":"(anonymous_7)","decl":{"start":{"line":88,"column":0},"end":{"line":88,"column":null}},"loc":{"start":{"line":88,"column":0},"end":{"line":90,"column":null}}},"7":{"name":"(anonymous_8)","decl":{"start":{"line":91,"column":0},"end":{"line":91,"column":null}},"loc":{"start":{"line":91,"column":0},"end":{"line":105,"column":null}}}},"branchMap":{"0":{"loc":{"start":{"line":73,"column":0},"end":{"line":77,"column":null}},"type":"if","locations":[{"start":{"line":73,"column":0},"end":{"line":77,"column":null}},{"start":{"line":75,"column":0},"end":{"line":77,"column":null}}]},"1":{"loc":{"start":{"line":92,"column":0},"end":{"line":104,"column":null}},"type":"if","locations":[{"start":{"line":92,"column":0},"end":{"line":104,"column":null}},{"start":{"line":98,"column":0},"end":{"line":104,"column":null}}]},"2":{"loc":{"start":{"line":93,"column":0},"end":{"line":97,"column":null}},"type":"if","locations":[{"start":{"line":93,"column":0},"end":{"line":97,"column":null}},{"start":{"line":95,"column":0},"end":{"line":97,"column":null}}]},"3":{"loc":{"start":{"line":99,"column":0},"end":{"line":103,"column":null}},"type":"if","locations":[{"start":{"line":99,"column":0},"end":{"line":103,"column":null}},{"start":{"line":101,"column":0},"end":{"line":103,"column":null}}]}},"s":{"0":14,"1":1,"2":2,"3":1,"4":1,"5":1,"6":1,"7":1,"8":1,"9":14,"10":6,"11":1,"12":5,"13":8,"14":1,"15":7},"f":{"0":14,"1":1,"2":2,"3":1,"4":1,"5":1,"6":1,"7":14},"b":{"0":[1,1],"1":[6,8],"2":[1,5],"3":[1,7]}}
}
