TN:
SF:src/App.vue
FNF:0
FNH:0
DA:9,0
LF:1
LH:0
BRF:0
BRH:0
end_of_record
TN:
SF:src/components/Calculator.vue
FN:57,(anonymous_1)
FN:69,(anonymous_2)
FN:72,(anonymous_3)
FN:79,(anonymous_4)
FN:82,(anonymous_5)
FN:85,(anonymous_6)
FN:88,(anonymous_7)
FN:91,(anonymous_8)
FNF:8
FNH:8
FNDA:14,(anonymous_1)
FNDA:1,(anonymous_2)
FNDA:2,(anonymous_3)
FNDA:1,(anonymous_4)
FNDA:1,(anonymous_5)
FNDA:1,(anonymous_6)
FNDA:1,(anonymous_7)
FNDA:14,(anonymous_8)
DA:58,14
DA:70,1
DA:73,2
DA:74,1
DA:76,1
DA:80,1
DA:83,1
DA:86,1
DA:89,1
DA:92,14
DA:93,6
DA:94,1
DA:96,5
DA:99,8
DA:100,1
DA:102,7
LF:16
LH:16
BRDA:73,0,0,1
BRDA:73,0,1,1
BRDA:92,1,0,6
BRDA:92,1,1,8
BRDA:93,2,0,1
BRDA:93,2,1,5
BRDA:99,3,0,1
BRDA:99,3,1,7
BRF:8
BRH:8
end_of_record
